<?xml version="1.0" encoding="UTF-8"?>
<!-- Generated by org.testng.reporters.JUnitXMLReporter -->
<testsuite hostname="LAPTOP-J365QQV5" ignored="0" name="Test" tests="4" failures="0" timestamp="2022-10-25T19:29:18 IST" time="137.235" errors="0">
  <testcase name="test" time="23.446" classname="com.actitime.testscripts.tc"/>
  <testcase name="homepage" time="0.017" classname="com.actitime.testscripts.VerifyHomepageTitle"/>
  <testcase name="createCustomer" time="19.468" classname="com.actitime.testscripts.CreateNewCustomer"/>
  <testcase name="createCustomer1" time="18.492" classname="com.actitime.testscripts.CreateNewCustomer"/>
</testsuite> <!-- Test -->
