<?xml version="1.0" encoding="UTF-8"?>
<testsuite xmlns:xsi="http://www.w3.org/2001/XMLSchema-instance" xsi:noNamespaceSchemaLocation="https://maven.apache.org/surefire/maven-surefire-plugin/xsd/surefire-test-report-3.0.xsd" version="3.0" name="TestSuite" time="137.968" tests="4" errors="0" skipped="0" failures="0">
  <properties>
[...]
</properties>
  <testcase name="test" classname="com.actitime.testscripts.tc" time="23.538">
    <system-err><![CDATA[SLF4J: Failed to load class "org.slf4j.impl.StaticLoggerBinder".
SLF4J: Defaulting to no-operation (NOP) logger implementation
SLF4J: See http://www.slf4j.org/codes.html#StaticLoggerBinder for further details.
1666706221859	geckodriver	INFO	Listening on 127.0.0.1:8088
1666706222676	mozrunner::runner	INFO	Running command: "C:\\Program Files\\Mozilla Firefox\\firefox.exe" "--marionette" "-no-remote" "-profile" "C:\\Users\\CHIDAM~1\\AppData\\Local\\Temp\\rust_mozprofilejisvii"
1666706223219	Marionette	INFO	Marionette enabled
1666706223227	Marionette	INFO	Listening on port 59113
Read port: 59113
1666706223868	RemoteAgent	WARN	TLS certificate errors will be ignored for this session
console.warn: SearchSettings: "get: No settings file exists, new profile?" (new NotFoundError("Could not open the file at C:\\Users\\CHIDAM~1\\AppData\\Local\\Temp\\rust_mozprofilejisvii\\search.json.mozlz4", (void 0)))
Oct 25, 2022 7:27:06 PM org.openqa.selenium.remote.ProtocolHandshake createSession
INFO: Detected dialect: W3C
1666706243415	Marionette	INFO	Stopped listening on port 59113
]]></system-err>
  </testcase>
  <testcase name="homepage" classname="com.actitime.testscripts.VerifyHomepageTitle" time="0.014">
    <system-err><![CDATA[1666706244649	geckodriver	INFO	Listening on 127.0.0.1:3730
1666706245148	mozrunner::runner	INFO	Running command: "C:\\Program Files\\Mozilla Firefox\\firefox.exe" "--marionette" "-no-remote" "-profile" "C:\\Users\\CHIDAM~1\\AppData\\Local\\Temp\\rust_mozprofilevCY2so"
1666706245737	Marionette	INFO	Marionette enabled
1666706245744	Marionette	INFO	Listening on port 59171
Read port: 59171
1666706246261	RemoteAgent	WARN	TLS certificate errors will be ignored for this session
console.warn: SearchSettings: "get: No settings file exists, new profile?" (new NotFoundError("Could not open the file at C:\\Users\\CHIDAM~1\\AppData\\Local\\Temp\\rust_mozprofilevCY2so\\search.json.mozlz4", (void 0)))
Oct 25, 2022 7:27:28 PM org.openqa.selenium.remote.ProtocolHandshake createSession
INFO: Detected dialect: W3C
console.warn: LoginRecipes: "Falling back to a synchronous message for: https://demo.actitime.com."
console.warn: LoginRecipes: "Falling back to a synchronous message for: https://demo.actitime.com."
console.warn: LoginRecipes: "Falling back to a synchronous message for: https://demo.actitime.com."
console.warn: LoginRecipes: "Falling back to a synchronous message for: https://demo.actitime.com."
]]></system-err>
  </testcase>
  <testcase name="createCustomer" classname="com.actitime.testscripts.CreateNewCustomer" time="19.452">
    <system-err><![CDATA[console.warn: LoginRecipes: "Falling back to a synchronous message for: https://demo.actitime.com."
console.warn: LoginRecipes: "Falling back to a synchronous message for: https://demo.actitime.com."
1666706272704	Marionette	INFO	Stopped listening on port 59171
1666706274168	geckodriver	INFO	Listening on 127.0.0.1:7499
1666706274658	mozrunner::runner	INFO	Running command: "C:\\Program Files\\Mozilla Firefox\\firefox.exe" "--marionette" "-no-remote" "-profile" "C:\\Users\\CHIDAM~1\\AppData\\Local\\Temp\\rust_mozprofile2Kg6k3"
1666706275271	Marionette	INFO	Marionette enabled
1666706275279	Marionette	INFO	Listening on port 59240
Read port: 59240
1666706275782	RemoteAgent	WARN	TLS certificate errors will be ignored for this session
console.warn: SearchSettings: "get: No settings file exists, new profile?" (new NotFoundError("Could not open the file at C:\\Users\\CHIDAM~1\\AppData\\Local\\Temp\\rust_mozprofile2Kg6k3\\search.json.mozlz4", (void 0)))
Oct 25, 2022 7:27:57 PM org.openqa.selenium.remote.ProtocolHandshake createSession
INFO: Detected dialect: W3C
console.warn: LoginRecipes: "Falling back to a synchronous message for: https://demo.actitime.com."
console.warn: LoginRecipes: "Falling back to a synchronous message for: https://demo.actitime.com."
console.warn: LoginRecipes: "Falling back to a synchronous message for: https://demo.actitime.com."
console.warn: LoginRecipes: "Falling back to a synchronous message for: https://demo.actitime.com."
console.warn: LoginRecipes: "Falling back to a synchronous message for: https://demo.actitime.com."
console.warn: LoginRecipes: "Falling back to a synchronous message for: https://demo.actitime.com."
]]></system-err>
  </testcase>
  <testcase name="createCustomer1" classname="com.actitime.testscripts.CreateNewCustomer" time="18.478">
    <system-err><![CDATA[console.warn: LoginRecipes: "Falling back to a synchronous message for: https://demo.actitime.com."
]]></system-err>
  </testcase>
</testsuite>